Running on host: n-62-20-10
Mon Dec  1 23:06:51 2025       
+-----------------------------------------------------------------------------------------+
| NVIDIA-SMI 580.105.08             Driver Version: 580.105.08     CUDA Version: 13.0     |
+-----------------------------------------+------------------------+----------------------+
| GPU  Name                 Persistence-M | Bus-Id          Disp.A | Volatile Uncorr. ECC |
| Fan  Temp   Perf          Pwr:Usage/Cap |           Memory-Usage | GPU-Util  Compute M. |
|                                         |                        |               MIG M. |
|=========================================+========================+======================|
|   0  Tesla V100-SXM2-32GB           On  |   00000000:3B:00.0 Off |                    0 |
| N/A   41C    P0             43W /  300W |       0MiB /  32768MiB |      0%   E. Process |
|                                         |                        |                  N/A |
+-----------------------------------------+------------------------+----------------------+

+-----------------------------------------------------------------------------------------+
| Processes:                                                                              |
|  GPU   GI   CI              PID   Type   Process name                        GPU Memory |
|        ID   ID                                                               Usage      |
|=========================================================================================|
|  No running processes found                                                             |
+-----------------------------------------------------------------------------------------+
torch version: 2.8.0+cu128
cuda available: True device count: 1
current device: 0 name: Tesla V100-SXM2-32GB
Loading AnnData files...
Data loaded.
Filtered zero-expression features: genes kept 45244/45263, isoforms kept 161990/162009
Using whole dataset: train 9941, val 6958, test 2983
Epoch 001 | train 2.3851 | val 1.2110
Epoch 002 | train 1.1700 | val 1.1046
Epoch 003 | train 1.0303 | val 0.9837
Epoch 004 | train 0.9606 | val 0.9255
Epoch 005 | train 0.8991 | val 0.8701
Epoch 006 | train 0.8556 | val 0.8406
Epoch 007 | train 0.8304 | val 0.8177
Epoch 008 | train 0.8075 | val 0.7961
Epoch 009 | train 0.7860 | val 0.7793
Epoch 010 | train 0.7667 | val 0.7614
Epoch 011 | train 0.7492 | val 0.7432
Epoch 012 | train 0.7328 | val 0.7305
Epoch 013 | train 0.7183 | val 0.7166
Epoch 014 | train 0.7041 | val 0.7045
Epoch 015 | train 0.6921 | val 0.6929
Epoch 016 | train 0.6817 | val 0.6900
Epoch 017 | train 0.6724 | val 0.6763
Epoch 018 | train 0.6621 | val 0.6662
Epoch 019 | train 0.6547 | val 0.6595
Epoch 020 | train 0.6466 | val 0.6517
Epoch 021 | train 0.6394 | val 0.6454
Epoch 022 | train 0.6320 | val 0.6422
Epoch 023 | train 0.6257 | val 0.6327
Epoch 024 | train 0.6193 | val 0.6283
Epoch 025 | train 0.6141 | val 0.6255
Epoch 026 | train 0.6096 | val 0.6234
Epoch 027 | train 0.6054 | val 0.6187
Epoch 028 | train 0.6003 | val 0.6140
Epoch 029 | train 0.6002 | val 0.6133
Epoch 030 | train 0.5946 | val 0.6062
Epoch 031 | train 0.5907 | val 0.6121
Epoch 032 | train 0.5866 | val 0.6008
Epoch 033 | train 0.5817 | val 0.6041
Epoch 034 | train 0.5809 | val 0.5970
Epoch 035 | train 0.5774 | val 0.5937
Epoch 036 | train 0.5741 | val 0.5905
Epoch 037 | train 0.5710 | val 0.5913
Epoch 038 | train 0.5669 | val 0.5872
Epoch 039 | train 0.5645 | val 0.5877
Epoch 040 | train 0.5616 | val 0.5872
Epoch 041 | train 0.5589 | val 0.5791
Epoch 042 | train 0.5551 | val 0.5841
Epoch 043 | train 0.5536 | val 0.5772
Epoch 044 | train 0.5509 | val 0.5748
Epoch 045 | train 0.5486 | val 0.5754
Epoch 046 | train 0.5459 | val 0.5705
Epoch 047 | train 0.5447 | val 0.5744
Epoch 048 | train 0.5418 | val 0.5698
Epoch 049 | train 0.5391 | val 0.5676
Epoch 050 | train 0.5375 | val 0.5735
Epoch 051 | train 0.5357 | val 0.5677
Epoch 052 | train 0.5324 | val 0.5643
Epoch 053 | train 0.5301 | val 0.5691
Epoch 054 | train 0.5292 | val 0.5625
Epoch 055 | train 0.5272 | val 0.5676
Epoch 056 | train 0.5257 | val 0.5610
Epoch 057 | train 0.5237 | val 0.5595
Epoch 058 | train 0.5218 | val 0.5585
Epoch 059 | train 0.5204 | val 0.5586
Epoch 060 | train 0.5204 | val 0.5650
Epoch 061 | train 0.5202 | val 0.5605
Epoch 062 | train 0.5169 | val 0.5561
Epoch 063 | train 0.5155 | val 0.5623
Epoch 064 | train 0.5150 | val 0.5557
Epoch 065 | train 0.5145 | val 0.5531
Epoch 066 | train 0.5133 | val 0.5546
Epoch 067 | train 0.5112 | val 0.5538
Epoch 068 | train 0.5096 | val 0.5511
Epoch 069 | train 0.5089 | val 0.5527
Epoch 070 | train 0.5072 | val 0.5505
Epoch 071 | train 0.5075 | val 0.5526
Epoch 072 | train 0.5072 | val 0.5545
Epoch 073 | train 0.5065 | val 0.5500
Epoch 074 | train 0.5050 | val 0.5536
Epoch 075 | train 0.5041 | val 0.5516
Epoch 076 | train 0.5026 | val 0.5495
Epoch 077 | train 0.5020 | val 0.5490
Epoch 078 | train 0.5011 | val 0.5482
Epoch 079 | train 0.5011 | val 0.5501
Epoch 080 | train 0.5010 | val 0.5499
Epoch 081 | train 0.5000 | val 0.5470
Epoch 082 | train 0.4999 | val 0.5475
Epoch 083 | train 0.4979 | val 0.5475
Epoch 084 | train 0.4982 | val 0.5444
Epoch 085 | train 0.4967 | val 0.5457
Epoch 086 | train 0.4962 | val 0.5502
Epoch 087 | train 0.4952 | val 0.5453
Epoch 088 | train 0.4953 | val 0.5486
Epoch 089 | train 0.4945 | val 0.5457
Epoch 090 | train 0.4931 | val 0.5457
Epoch 091 | train 0.4935 | val 0.5442
Epoch 092 | train 0.4932 | val 0.5442
Epoch 093 | train 0.4928 | val 0.5483
Epoch 094 | train 0.4921 | val 0.5428
Epoch 095 | train 0.4918 | val 0.5469
Epoch 096 | train 0.4915 | val 0.5439
Epoch 097 | train 0.4910 | val 0.5412
Epoch 098 | train 0.4903 | val 0.5423
Epoch 099 | train 0.4894 | val 0.5429
Epoch 100 | train 0.4897 | val 0.5432
Epoch 101 | train 0.4887 | val 0.5422
Epoch 102 | train 0.4879 | val 0.5423
Epoch 103 | train 0.4885 | val 0.5396
Epoch 104 | train 0.4888 | val 0.5426
Epoch 105 | train 0.4876 | val 0.5403
Epoch 106 | train 0.4861 | val 0.5424
Epoch 107 | train 0.4864 | val 0.5398
Epoch 108 | train 0.4858 | val 0.5427
Epoch 109 | train 0.4867 | val 0.5409
Epoch 110 | train 0.4852 | val 0.5385
Epoch 111 | train 0.4844 | val 0.5387
Epoch 112 | train 0.4838 | val 0.5404
Epoch 113 | train 0.4842 | val 0.5382
Epoch 114 | train 0.4836 | val 0.5397
Epoch 115 | train 0.4836 | val 0.5394
Epoch 116 | train 0.4837 | val 0.5374
Epoch 117 | train 0.4837 | val 0.5400
Epoch 118 | train 0.4834 | val 0.5396
Epoch 119 | train 0.4820 | val 0.5368
Epoch 120 | train 0.4824 | val 0.5368
Epoch 121 | train 0.4814 | val 0.5391
Epoch 122 | train 0.4806 | val 0.5363
Epoch 123 | train 0.4809 | val 0.5385
Epoch 124 | train 0.4803 | val 0.5352
Epoch 125 | train 0.4800 | val 0.5386
Epoch 126 | train 0.4801 | val 0.5368
Epoch 127 | train 0.4801 | val 0.5380
Epoch 128 | train 0.4800 | val 0.5368
Epoch 129 | train 0.4794 | val 0.5400
Epoch 130 | train 0.4793 | val 0.5372
Epoch 131 | train 0.4790 | val 0.5349
Epoch 132 | train 0.4787 | val 0.5356
Epoch 133 | train 0.4784 | val 0.5379
Epoch 134 | train 0.4778 | val 0.5345
Epoch 135 | train 0.4771 | val 0.5355
Epoch 136 | train 0.4777 | val 0.5353
Epoch 137 | train 0.4781 | val 0.5376
Epoch 138 | train 0.4771 | val 0.5337
Epoch 139 | train 0.4770 | val 0.5340
Epoch 140 | train 0.4769 | val 0.5384
Epoch 141 | train 0.4761 | val 0.5340
Epoch 142 | train 0.4758 | val 0.5346
Epoch 143 | train 0.4762 | val 0.5337
Epoch 144 | train 0.4752 | val 0.5335
Epoch 145 | train 0.4761 | val 0.5335
Epoch 146 | train 0.4748 | val 0.5341
Epoch 147 | train 0.4742 | val 0.5339
Epoch 148 | train 0.4749 | val 0.5318
Epoch 149 | train 0.4749 | val 0.5334
Epoch 150 | train 0.4753 | val 0.5331
Epoch 151 | train 0.4743 | val 0.5298
Epoch 152 | train 0.4739 | val 0.5312
Epoch 153 | train 0.4738 | val 0.5362
Epoch 154 | train 0.4739 | val 0.5322
Epoch 155 | train 0.4737 | val 0.5321
Epoch 156 | train 0.4730 | val 0.5314
Epoch 157 | train 0.4723 | val 0.5328
Epoch 158 | train 0.4724 | val 0.5317
Epoch 159 | train 0.4726 | val 0.5324
Epoch 160 | train 0.4728 | val 0.5292
Epoch 161 | train 0.4724 | val 0.5385
Epoch 162 | train 0.4724 | val 0.5312
Epoch 163 | train 0.4715 | val 0.5332
Epoch 164 | train 0.4707 | val 0.5312
Epoch 165 | train 0.4718 | val 0.5309
Epoch 166 | train 0.4711 | val 0.5312
Epoch 167 | train 0.4714 | val 0.5314
Epoch 168 | train 0.4712 | val 0.5308
Epoch 169 | train 0.4714 | val 0.5288
Epoch 170 | train 0.4700 | val 0.5349
Epoch 171 | train 0.4711 | val 0.5306
Epoch 172 | train 0.4697 | val 0.5291
Epoch 173 | train 0.4711 | val 0.5296
Epoch 174 | train 0.4697 | val 0.5310
Epoch 175 | train 0.4692 | val 0.5311
Epoch 176 | train 0.4690 | val 0.5283
Epoch 177 | train 0.4697 | val 0.5284
Epoch 178 | train 0.4686 | val 0.5294
Epoch 179 | train 0.4693 | val 0.5303
Epoch 180 | train 0.4688 | val 0.5297
Epoch 181 | train 0.4693 | val 0.5306
Epoch 182 | train 0.4691 | val 0.5294
Epoch 183 | train 0.4685 | val 0.5325
Epoch 184 | train 0.4685 | val 0.5308
Epoch 185 | train 0.4680 | val 0.5300
Epoch 186 | train 0.4680 | val 0.5281
Epoch 187 | train 0.4681 | val 0.5280
Epoch 188 | train 0.4673 | val 0.5306
Epoch 189 | train 0.4686 | val 0.5294
Epoch 190 | train 0.4682 | val 0.5293
Epoch 191 | train 0.4684 | val 0.5269
Epoch 192 | train 0.4670 | val 0.5287
Epoch 193 | train 0.4670 | val 0.5283
Epoch 194 | train 0.4665 | val 0.5271
Epoch 195 | train 0.4675 | val 0.5291
Epoch 196 | train 0.4666 | val 0.5254
Epoch 197 | train 0.4669 | val 0.5291
Epoch 198 | train 0.4668 | val 0.5268
Epoch 199 | train 0.4653 | val 0.5263
Epoch 200 | train 0.4653 | val 0.5293
Epoch 201 | train 0.4670 | val 0.5278
Epoch 202 | train 0.4655 | val 0.5267
Epoch 203 | train 0.4650 | val 0.5273
Epoch 204 | train 0.4658 | val 0.5266
Epoch 205 | train 0.4657 | val 0.5257
Epoch 206 | train 0.4646 | val 0.5256
Epoch 207 | train 0.4653 | val 0.5268
Epoch 208 | train 0.4660 | val 0.5316
Epoch 209 | train 0.4650 | val 0.5302
Epoch 210 | train 0.4652 | val 0.5267
Epoch 211 | train 0.4646 | val 0.5254
Epoch 212 | train 0.4641 | val 0.5258
Epoch 213 | train 0.4644 | val 0.5266
Epoch 214 | train 0.4652 | val 0.5265
Epoch 215 | train 0.4643 | val 0.5257
Epoch 216 | train 0.4635 | val 0.5262
No val improvement for 20 epochs, stopping early at epoch 216.
Train | log-space MSE: 0.4382
Val | log-space MSE: 0.5254
Test | log-space MSE: 0.5247
Isoform correlation: mean Pearson 0.6347 over 161990/161990 isoforms
Saved isoform correlation boxplot to isoform_model_residual/isoform_correlation_boxplot.png
Scatter correlation log1p (n=50000): 0.8484
Saved log-scale scatter to isoform_model_residual/pred_vs_true_scatter_residual_log.png
