Running on host: n-62-20-10
Thu Dec  4 17:09:37 2025       
+-----------------------------------------------------------------------------------------+
| NVIDIA-SMI 580.105.08             Driver Version: 580.105.08     CUDA Version: 13.0     |
+-----------------------------------------+------------------------+----------------------+
| GPU  Name                 Persistence-M | Bus-Id          Disp.A | Volatile Uncorr. ECC |
| Fan  Temp   Perf          Pwr:Usage/Cap |           Memory-Usage | GPU-Util  Compute M. |
|                                         |                        |               MIG M. |
|=========================================+========================+======================|
|   0  Tesla V100-SXM2-32GB           On  |   00000000:15:00.0 Off |                    0 |
| N/A   34C    P0             40W /  300W |       0MiB /  32768MiB |      0%   E. Process |
|                                         |                        |                  N/A |
+-----------------------------------------+------------------------+----------------------+

+-----------------------------------------------------------------------------------------+
| Processes:                                                                              |
|  GPU   GI   CI              PID   Type   Process name                        GPU Memory |
|        ID   ID                                                               Usage      |
|=========================================================================================|
|  No running processes found                                                             |
+-----------------------------------------------------------------------------------------+
torch version: 2.8.0+cu128
cuda available: True device count: 1
current device: 0 name: Tesla V100-SXM2-32GB
Loading AnnData files...
Data loaded.
Filtered zero-expression features: genes kept 45244/45263, isoforms kept 161990/162009
Using whole dataset: train 9941, val 6958, test 2983
Applying PCA with 512 components...
PCA complete: (9941, 512)
Explained variance: 0.7216 (72.16%)
Using PCA-transformed inputs: 512 components (explained variance 0.7216, 72.16%)
Epoch 001 | train 1.8699 | val 1.1939
Epoch 002 | train 1.1209 | val 1.0109
Epoch 003 | train 0.9614 | val 0.9170
Epoch 004 | train 0.8746 | val 0.8474
Epoch 005 | train 0.8271 | val 0.8062
Epoch 006 | train 0.7886 | val 0.7715
Epoch 007 | train 0.7567 | val 0.7450
Epoch 008 | train 0.7292 | val 0.7198
Epoch 009 | train 0.7099 | val 0.7096
Epoch 010 | train 0.6921 | val 0.6938
Epoch 011 | train 0.6742 | val 0.6748
Epoch 012 | train 0.6600 | val 0.6598
Epoch 013 | train 0.6480 | val 0.6545
Epoch 014 | train 0.6392 | val 0.6409
Epoch 015 | train 0.6305 | val 0.6339
Epoch 016 | train 0.6212 | val 0.6288
Epoch 017 | train 0.6149 | val 0.6227
Epoch 018 | train 0.6080 | val 0.6157
Epoch 019 | train 0.5994 | val 0.6077
Epoch 020 | train 0.5950 | val 0.6235
Epoch 021 | train 0.5909 | val 0.6027
Epoch 022 | train 0.5844 | val 0.6000
Epoch 023 | train 0.5792 | val 0.6034
Epoch 024 | train 0.5769 | val 0.5933
Epoch 025 | train 0.5709 | val 0.5883
Epoch 026 | train 0.5682 | val 0.5884
Epoch 027 | train 0.5651 | val 0.5877
Epoch 028 | train 0.5640 | val 0.5789
Epoch 029 | train 0.5587 | val 0.5785
Epoch 030 | train 0.5555 | val 0.5763
Epoch 031 | train 0.5547 | val 0.5795
Epoch 032 | train 0.5526 | val 0.5757
Epoch 033 | train 0.5506 | val 0.5719
Epoch 034 | train 0.5479 | val 0.5821
Epoch 035 | train 0.5456 | val 0.5698
Epoch 036 | train 0.5434 | val 0.5782
Epoch 037 | train 0.5419 | val 0.5657
Epoch 038 | train 0.5409 | val 0.5677
Epoch 039 | train 0.5393 | val 0.5656
Epoch 040 | train 0.5362 | val 0.5621
Epoch 041 | train 0.5355 | val 0.5666
Epoch 042 | train 0.5342 | val 0.5617
Epoch 043 | train 0.5329 | val 0.5609
Epoch 044 | train 0.5317 | val 0.5608
Epoch 045 | train 0.5314 | val 0.5594
Epoch 046 | train 0.5296 | val 0.5579
Epoch 047 | train 0.5286 | val 0.5552
Epoch 048 | train 0.5288 | val 0.5578
Epoch 049 | train 0.5268 | val 0.5602
Epoch 050 | train 0.5273 | val 0.5561
Epoch 051 | train 0.5256 | val 0.5559
Epoch 052 | train 0.5252 | val 0.5548
Epoch 053 | train 0.5239 | val 0.5559
Epoch 054 | train 0.5236 | val 0.5536
Epoch 055 | train 0.5222 | val 0.5536
Epoch 056 | train 0.5212 | val 0.5489
Epoch 057 | train 0.5211 | val 0.5513
Epoch 058 | train 0.5200 | val 0.5506
Epoch 059 | train 0.5187 | val 0.5481
Epoch 060 | train 0.5183 | val 0.5511
Epoch 061 | train 0.5182 | val 0.5498
Epoch 062 | train 0.5177 | val 0.5490
Epoch 063 | train 0.5164 | val 0.5508
Epoch 064 | train 0.5161 | val 0.5472
Epoch 065 | train 0.5149 | val 0.5491
Epoch 066 | train 0.5144 | val 0.5489
Epoch 067 | train 0.5140 | val 0.5470
Epoch 068 | train 0.5137 | val 0.5456
Epoch 069 | train 0.5134 | val 0.5457
Epoch 070 | train 0.5125 | val 0.5451
Epoch 071 | train 0.5117 | val 0.5440
Epoch 072 | train 0.5115 | val 0.5437
Epoch 073 | train 0.5106 | val 0.5434
Epoch 074 | train 0.5119 | val 0.5496
Epoch 075 | train 0.5109 | val 0.5443
Epoch 076 | train 0.5092 | val 0.5441
Epoch 077 | train 0.5096 | val 0.5480
Epoch 078 | train 0.5094 | val 0.5417
Epoch 079 | train 0.5084 | val 0.5434
Epoch 080 | train 0.5092 | val 0.5407
Epoch 081 | train 0.5080 | val 0.5419
Epoch 082 | train 0.5080 | val 0.5415
Epoch 083 | train 0.5074 | val 0.5417
Epoch 084 | train 0.5068 | val 0.5415
Epoch 085 | train 0.5064 | val 0.5417
Epoch 086 | train 0.5066 | val 0.5404
Epoch 087 | train 0.5052 | val 0.5407
Epoch 088 | train 0.5053 | val 0.5385
Epoch 089 | train 0.5049 | val 0.5393
Epoch 090 | train 0.5045 | val 0.5394
Epoch 091 | train 0.5041 | val 0.5385
Epoch 092 | train 0.5041 | val 0.5455
Epoch 093 | train 0.5040 | val 0.5384
Epoch 094 | train 0.5038 | val 0.5394
Epoch 095 | train 0.5037 | val 0.5381
Epoch 096 | train 0.5028 | val 0.5381
Epoch 097 | train 0.5028 | val 0.5379
Epoch 098 | train 0.5022 | val 0.5360
Epoch 099 | train 0.5018 | val 0.5374
Epoch 100 | train 0.5016 | val 0.5364
Epoch 101 | train 0.5010 | val 0.5368
Epoch 102 | train 0.5014 | val 0.5341
Epoch 103 | train 0.5005 | val 0.5376
Epoch 104 | train 0.5004 | val 0.5369
Epoch 105 | train 0.5007 | val 0.5357
Epoch 106 | train 0.4995 | val 0.5372
Epoch 107 | train 0.5007 | val 0.5327
Epoch 108 | train 0.4992 | val 0.5364
Epoch 109 | train 0.5002 | val 0.5366
Epoch 110 | train 0.4997 | val 0.5369
Epoch 111 | train 0.4991 | val 0.5343
Epoch 112 | train 0.4990 | val 0.5356
Epoch 113 | train 0.4989 | val 0.5340
Epoch 114 | train 0.4981 | val 0.5338
Epoch 115 | train 0.4982 | val 0.5327
Epoch 116 | train 0.4977 | val 0.5327
Epoch 117 | train 0.4977 | val 0.5337
Epoch 118 | train 0.4977 | val 0.5344
Epoch 119 | train 0.4971 | val 0.5346
Epoch 120 | train 0.4972 | val 0.5317
Epoch 121 | train 0.4972 | val 0.5356
Epoch 122 | train 0.4984 | val 0.5300
Epoch 123 | train 0.4959 | val 0.5333
Epoch 124 | train 0.4967 | val 0.5337
Epoch 125 | train 0.4969 | val 0.5306
Epoch 126 | train 0.4966 | val 0.5334
Epoch 127 | train 0.4959 | val 0.5337
Epoch 128 | train 0.4961 | val 0.5327
Epoch 129 | train 0.4962 | val 0.5331
Epoch 130 | train 0.4959 | val 0.5285
Epoch 131 | train 0.4955 | val 0.5297
Epoch 132 | train 0.4950 | val 0.5315
Epoch 133 | train 0.4951 | val 0.5350
Epoch 134 | train 0.4960 | val 0.5319
Epoch 135 | train 0.4950 | val 0.5319
Epoch 136 | train 0.4948 | val 0.5312
Epoch 137 | train 0.4952 | val 0.5310
Epoch 138 | train 0.4945 | val 0.5281
Epoch 139 | train 0.4941 | val 0.5315
Epoch 140 | train 0.4940 | val 0.5304
Epoch 141 | train 0.4948 | val 0.5301
Epoch 142 | train 0.4954 | val 0.5318
Epoch 143 | train 0.4940 | val 0.5320
Epoch 144 | train 0.4941 | val 0.5297
Epoch 145 | train 0.4936 | val 0.5319
Epoch 146 | train 0.4941 | val 0.5295
Epoch 147 | train 0.4937 | val 0.5318
Epoch 148 | train 0.4953 | val 0.5326
Epoch 149 | train 0.4945 | val 0.5304
Epoch 150 | train 0.4933 | val 0.5296
Epoch 151 | train 0.4933 | val 0.5302
Epoch 152 | train 0.4935 | val 0.5305
Epoch 153 | train 0.4931 | val 0.5289
Epoch 154 | train 0.4930 | val 0.5314
Epoch 155 | train 0.4932 | val 0.5289
Epoch 156 | train 0.4932 | val 0.5310
Epoch 157 | train 0.4929 | val 0.5300
Epoch 158 | train 0.4936 | val 0.5310
No val improvement for 20 epochs, stopping early at epoch 158.
Train | log-space MSE: 0.4630
Val | log-space MSE: 0.5281
Test | log-space MSE: 0.5283
Isoform correlation: mean Pearson 0.6237 over 161990/161990 isoforms
Saved isoform correlation boxplot to isoform_model_residual_pca/isoform_correlation_boxplot_pca_residual.png
Scatter correlation log1p (n=50000): 0.8478
Saved log-scale scatter to isoform_model_residual_pca/pred_vs_true_scatter_residual_pca_log.png
Per-gene isoform rank correlation (Spearman over observations): mean of means 0.7869 | median of means 0.8062 over 899 genes
Saved per-gene mean rank correlation boxplot to isoform_model_residual_pca/gene_rank_corr_mean_boxplot_residual_pca.png
Per-gene isoform rank correlation (Spearman over observations): mean of medians 0.8300 | median of medians 0.8476 over 899 genes
Saved per-gene median rank correlation boxplot to isoform_model_residual_pca/gene_rank_corr_median_boxplot_residual_pca.png

Skipping artifact saving to avoid large files.
