Running on host: n-62-20-11
Wed Dec  3 19:50:23 2025       
+-----------------------------------------------------------------------------------------+
| NVIDIA-SMI 580.105.08             Driver Version: 580.105.08     CUDA Version: 13.0     |
+-----------------------------------------+------------------------+----------------------+
| GPU  Name                 Persistence-M | Bus-Id          Disp.A | Volatile Uncorr. ECC |
| Fan  Temp   Perf          Pwr:Usage/Cap |           Memory-Usage | GPU-Util  Compute M. |
|                                         |                        |               MIG M. |
|=========================================+========================+======================|
|   0  Tesla V100-SXM2-32GB           On  |   00000000:16:00.0 Off |                    0 |
| N/A   41C    P0             41W /  300W |       0MiB /  32768MiB |      0%   E. Process |
|                                         |                        |                  N/A |
+-----------------------------------------+------------------------+----------------------+

+-----------------------------------------------------------------------------------------+
| Processes:                                                                              |
|  GPU   GI   CI              PID   Type   Process name                        GPU Memory |
|        ID   ID                                                               Usage      |
|=========================================================================================|
|  No running processes found                                                             |
+-----------------------------------------------------------------------------------------+
Loading AnnData...
Data loaded.
Filtered zero-expression features: genes kept 45244/45263, isoforms kept 161990/162009
Data stats after scaling: mean -0.000, std 1.000
Using whole dataset: train 9941, val 6958, test 2983
Epoch 001 | train 0.7334 (rec 0.7253, kl 0.4085) | val 0.6521 (rec 0.6423, kl 0.4859) | beta 0.020
Epoch 002 | train 0.6327 (rec 0.6185, kl 0.3542) | val 0.6044 (rec 0.5913, kl 0.3273) | beta 0.040
Epoch 003 | train 0.6027 (rec 0.5842, kl 0.3092) | val 0.5885 (rec 0.5687, kl 0.3306) | beta 0.060
Epoch 004 | train 0.5830 (rec 0.5608, kl 0.2785) | val 0.5803 (rec 0.5596, kl 0.2585) | beta 0.080
Epoch 005 | train 0.5734 (rec 0.5485, kl 0.2493) | val 0.5719 (rec 0.5473, kl 0.2463) | beta 0.100
Epoch 006 | train 0.5693 (rec 0.5415, kl 0.2311) | val 0.5624 (rec 0.5361, kl 0.2190) | beta 0.120
Epoch 007 | train 0.5583 (rec 0.5292, kl 0.2079) | val 0.5494 (rec 0.5221, kl 0.1947) | beta 0.140
Epoch 008 | train 0.5498 (rec 0.5193, kl 0.1909) | val 0.5514 (rec 0.5219, kl 0.1849) | beta 0.160
Epoch 009 | train 0.5493 (rec 0.5169, kl 0.1802) | val 0.5432 (rec 0.5126, kl 0.1704) | beta 0.180
Epoch 010 | train 0.5379 (rec 0.5052, kl 0.1634) | val 0.5320 (rec 0.5013, kl 0.1537) | beta 0.200
Epoch 011 | train 0.5352 (rec 0.5015, kl 0.1536) | val 0.5342 (rec 0.5025, kl 0.1444) | beta 0.220
Epoch 012 | train 0.5309 (rec 0.4964, kl 0.1438) | val 0.5353 (rec 0.5020, kl 0.1387) | beta 0.240
Epoch 013 | train 0.5285 (rec 0.4931, kl 0.1363) | val 0.5256 (rec 0.4920, kl 0.1296) | beta 0.260
Epoch 014 | train 0.5247 (rec 0.4889, kl 0.1280) | val 0.5258 (rec 0.4910, kl 0.1244) | beta 0.280
Epoch 015 | train 0.5221 (rec 0.4854, kl 0.1223) | val 0.5232 (rec 0.4882, kl 0.1168) | beta 0.300
Epoch 016 | train 0.5224 (rec 0.4847, kl 0.1178) | val 0.5207 (rec 0.4848, kl 0.1122) | beta 0.320
Epoch 017 | train 0.5216 (rec 0.4830, kl 0.1133) | val 0.5278 (rec 0.4905, kl 0.1096) | beta 0.340
Epoch 018 | train 0.5234 (rec 0.4837, kl 0.1102) | val 0.5261 (rec 0.4876, kl 0.1070) | beta 0.360
Epoch 019 | train 0.5198 (rec 0.4792, kl 0.1068) | val 0.5220 (rec 0.4828, kl 0.1030) | beta 0.380
Epoch 020 | train 0.5190 (rec 0.4777, kl 0.1031) | val 0.5211 (rec 0.4812, kl 0.0999) | beta 0.400
Epoch 021 | train 0.5188 (rec 0.4767, kl 0.1001) | val 0.5199 (rec 0.4794, kl 0.0963) | beta 0.420
Epoch 022 | train 0.5165 (rec 0.4736, kl 0.0976) | val 0.5207 (rec 0.4778, kl 0.0975) | beta 0.440
Epoch 023 | train 0.5187 (rec 0.4747, kl 0.0956) | val 0.5200 (rec 0.4768, kl 0.0938) | beta 0.460
Epoch 024 | train 0.5172 (rec 0.4722, kl 0.0936) | val 0.5200 (rec 0.4764, kl 0.0908) | beta 0.480
Epoch 025 | train 0.5166 (rec 0.4706, kl 0.0921) | val 0.5191 (rec 0.4739, kl 0.0902) | beta 0.500
Epoch 026 | train 0.5216 (rec 0.4744, kl 0.0908) | val 0.5231 (rec 0.4773, kl 0.0880) | beta 0.520
Epoch 027 | train 0.5192 (rec 0.4711, kl 0.0890) | val 0.5240 (rec 0.4767, kl 0.0876) | beta 0.540
Epoch 028 | train 0.5205 (rec 0.4714, kl 0.0878) | val 0.5216 (rec 0.4730, kl 0.0867) | beta 0.560
Epoch 029 | train 0.5223 (rec 0.4723, kl 0.0863) | val 0.5242 (rec 0.4754, kl 0.0842) | beta 0.580
Epoch 030 | train 0.5208 (rec 0.4699, kl 0.0848) | val 0.5253 (rec 0.4765, kl 0.0812) | beta 0.600
Epoch 031 | train 0.5200 (rec 0.4684, kl 0.0832) | val 0.5238 (rec 0.4744, kl 0.0796) | beta 0.620
Epoch 032 | train 0.5205 (rec 0.4679, kl 0.0823) | val 0.5271 (rec 0.4747, kl 0.0819) | beta 0.640
Epoch 033 | train 0.5254 (rec 0.4714, kl 0.0818) | val 0.5273 (rec 0.4759, kl 0.0779) | beta 0.660
Epoch 034 | train 0.5236 (rec 0.4692, kl 0.0800) | val 0.5262 (rec 0.4734, kl 0.0778) | beta 0.680
Epoch 035 | train 0.5243 (rec 0.4689, kl 0.0792) | val 0.5277 (rec 0.4740, kl 0.0767) | beta 0.700
Epoch 036 | train 0.5234 (rec 0.4671, kl 0.0782) | val 0.5288 (rec 0.4743, kl 0.0757) | beta 0.720
Epoch 037 | train 0.5270 (rec 0.4699, kl 0.0771) | val 0.5320 (rec 0.4782, kl 0.0727) | beta 0.740
Epoch 038 | train 0.5307 (rec 0.4723, kl 0.0768) | val 0.5366 (rec 0.4797, kl 0.0749) | beta 0.760
Epoch 039 | train 0.5282 (rec 0.4694, kl 0.0754) | val 0.5369 (rec 0.4805, kl 0.0723) | beta 0.780
Epoch 040 | train 0.5289 (rec 0.4693, kl 0.0744) | val 0.5381 (rec 0.4804, kl 0.0721) | beta 0.800
Epoch 041 | train 0.5315 (rec 0.4710, kl 0.0738) | val 0.5369 (rec 0.4758, kl 0.0745) | beta 0.820
Epoch 042 | train 0.5301 (rec 0.4692, kl 0.0725) | val 0.5340 (rec 0.4744, kl 0.0709) | beta 0.840
Epoch 043 | train 0.5299 (rec 0.4681, kl 0.0719) | val 0.5356 (rec 0.4758, kl 0.0695) | beta 0.860
Epoch 044 | train 0.5326 (rec 0.4699, kl 0.0712) | val 0.5355 (rec 0.4751, kl 0.0687) | beta 0.880
Epoch 045 | train 0.5343 (rec 0.4708, kl 0.0706) | val 0.5400 (rec 0.4788, kl 0.0680) | beta 0.900
Early stopping after 20 epochs without val improvement.
Test loss 0.5590 (rec 0.4694, kl 0.0895)
[Predictor] Epoch 001 | train 2.5279 | val 1.3227 | lr 5.00e-04
[Predictor] Epoch 002 | train 1.2343 | val 1.1907 | lr 5.00e-04
[Predictor] Epoch 003 | train 1.1389 | val 1.0437 | lr 5.00e-04
[Predictor] Epoch 004 | train 0.9940 | val 0.9526 | lr 5.00e-04
[Predictor] Epoch 005 | train 0.9172 | val 0.8783 | lr 5.00e-04
[Predictor] Epoch 006 | train 0.8648 | val 0.8393 | lr 5.00e-04
[Predictor] Epoch 007 | train 0.8287 | val 0.8131 | lr 5.00e-04
[Predictor] Epoch 008 | train 0.8032 | val 0.7876 | lr 5.00e-04
[Predictor] Epoch 009 | train 0.7821 | val 0.7709 | lr 5.00e-04
[Predictor] Epoch 010 | train 0.7629 | val 0.7550 | lr 5.00e-04
[Predictor] Epoch 011 | train 0.7491 | val 0.7421 | lr 5.00e-04
[Predictor] Epoch 012 | train 0.7382 | val 0.7415 | lr 5.00e-04
[Predictor] Epoch 013 | train 0.7274 | val 0.7271 | lr 5.00e-04
[Predictor] Epoch 014 | train 0.7184 | val 0.7147 | lr 5.00e-04
[Predictor] Epoch 015 | train 0.7121 | val 0.7091 | lr 5.00e-04
[Predictor] Epoch 016 | train 0.7081 | val 0.7249 | lr 5.00e-04
[Predictor] Epoch 017 | train 0.6998 | val 0.7028 | lr 5.00e-04
[Predictor] Epoch 018 | train 0.6962 | val 0.6964 | lr 5.00e-04
[Predictor] Epoch 019 | train 0.6941 | val 0.6967 | lr 5.00e-04
[Predictor] Epoch 020 | train 0.6900 | val 0.6928 | lr 5.00e-04
[Predictor] Epoch 021 | train 0.6889 | val 0.6909 | lr 5.00e-04
[Predictor] Epoch 022 | train 0.6852 | val 0.6876 | lr 5.00e-04
[Predictor] Epoch 023 | train 0.6818 | val 0.6853 | lr 5.00e-04
[Predictor] Epoch 024 | train 0.6788 | val 0.6847 | lr 5.00e-04
