Running on host: n-62-11-15
Thu Dec  4 19:14:35 2025       
+-----------------------------------------------------------------------------------------+
| NVIDIA-SMI 580.105.08             Driver Version: 580.105.08     CUDA Version: 13.0     |
+-----------------------------------------+------------------------+----------------------+
| GPU  Name                 Persistence-M | Bus-Id          Disp.A | Volatile Uncorr. ECC |
| Fan  Temp   Perf          Pwr:Usage/Cap |           Memory-Usage | GPU-Util  Compute M. |
|                                         |                        |               MIG M. |
|=========================================+========================+======================|
|   0  Tesla V100-PCIE-32GB           On  |   00000000:D8:00.0 Off |                    0 |
| N/A   30C    P0             25W /  250W |       0MiB /  32768MiB |      0%   E. Process |
|                                         |                        |                  N/A |
+-----------------------------------------+------------------------+----------------------+

+-----------------------------------------------------------------------------------------+
| Processes:                                                                              |
|  GPU   GI   CI              PID   Type   Process name                        GPU Memory |
|        ID   ID                                                               Usage      |
|=========================================================================================|
|  No running processes found                                                             |
+-----------------------------------------------------------------------------------------+
Loading AnnData...
Data loaded.
Filtered zero-expression features: genes kept 45244/45263, isoforms kept 161990/162009
Data stats after scaling: mean -0.000, std 1.000
Using whole dataset: train 9941, val 6958, test 2983
Epoch 001 | train 0.7141 (rec 0.7006, kl 0.5386) | val 0.6317 (rec 0.6167, kl 0.5965) | beta 0.025
Epoch 002 | train 0.6285 (rec 0.6052, kl 0.4669) | val 0.6114 (rec 0.5874, kl 0.4790) | beta 0.050
Epoch 003 | train 0.6053 (rec 0.5758, kl 0.3931) | val 0.5929 (rec 0.5638, kl 0.3875) | beta 0.075
Epoch 004 | train 0.5948 (rec 0.5612, kl 0.3364) | val 0.5818 (rec 0.5498, kl 0.3206) | beta 0.100
Epoch 005 | train 0.5856 (rec 0.5492, kl 0.2917) | val 0.5811 (rec 0.5470, kl 0.2734) | beta 0.125
Epoch 006 | train 0.5782 (rec 0.5394, kl 0.2592) | val 0.5720 (rec 0.5332, kl 0.2584) | beta 0.150
Epoch 007 | train 0.5722 (rec 0.5311, kl 0.2352) | val 0.5720 (rec 0.5333, kl 0.2209) | beta 0.175
Epoch 008 | train 0.5672 (rec 0.5241, kl 0.2156) | val 0.5606 (rec 0.5196, kl 0.2048) | beta 0.200
Epoch 009 | train 0.5639 (rec 0.5186, kl 0.2017) | val 0.5731 (rec 0.5272, kl 0.2038) | beta 0.225
Epoch 010 | train 0.5644 (rec 0.5167, kl 0.1910) | val 0.5575 (rec 0.5112, kl 0.1850) | beta 0.250
Epoch 011 | train 0.5627 (rec 0.5130, kl 0.1806) | val 0.5631 (rec 0.5139, kl 0.1792) | beta 0.275
Epoch 012 | train 0.5640 (rec 0.5119, kl 0.1736) | val 0.5606 (rec 0.5107, kl 0.1664) | beta 0.300
Epoch 013 | train 0.5621 (rec 0.5085, kl 0.1648) | val 0.5653 (rec 0.5138, kl 0.1586) | beta 0.325
Epoch 014 | train 0.5648 (rec 0.5090, kl 0.1594) | val 0.5623 (rec 0.5109, kl 0.1467) | beta 0.350
Epoch 015 | train 0.5642 (rec 0.5066, kl 0.1534) | val 0.5636 (rec 0.5075, kl 0.1497) | beta 0.375
Epoch 016 | train 0.5648 (rec 0.5052, kl 0.1489) | val 0.5688 (rec 0.5139, kl 0.1372) | beta 0.400
Epoch 017 | train 0.5661 (rec 0.5044, kl 0.1451) | val 0.5651 (rec 0.5060, kl 0.1390) | beta 0.425
Epoch 018 | train 0.5696 (rec 0.5060, kl 0.1414) | val 0.5701 (rec 0.5084, kl 0.1371) | beta 0.450
Epoch 019 | train 0.5702 (rec 0.5054, kl 0.1365) | val 0.5713 (rec 0.5101, kl 0.1289) | beta 0.475
Epoch 020 | train 0.5730 (rec 0.5064, kl 0.1331) | val 0.5752 (rec 0.5096, kl 0.1312) | beta 0.500
Epoch 021 | train 0.5725 (rec 0.5056, kl 0.1338) | val 0.5726 (rec 0.5070, kl 0.1313) | beta 0.500
Epoch 022 | train 0.5684 (rec 0.5023, kl 0.1323) | val 0.5671 (rec 0.5024, kl 0.1296) | beta 0.500
Epoch 023 | train 0.5678 (rec 0.5017, kl 0.1324) | val 0.5716 (rec 0.5059, kl 0.1314) | beta 0.500
Epoch 024 | train 0.5680 (rec 0.5014, kl 0.1332) | val 0.5718 (rec 0.5044, kl 0.1346) | beta 0.500
Epoch 025 | train 0.5695 (rec 0.5030, kl 0.1330) | val 0.5684 (rec 0.5039, kl 0.1290) | beta 0.500
Epoch 026 | train 0.5702 (rec 0.5037, kl 0.1330) | val 0.5656 (rec 0.5006, kl 0.1299) | beta 0.500
Epoch 027 | train 0.5659 (rec 0.4996, kl 0.1327) | val 0.5732 (rec 0.5072, kl 0.1320) | beta 0.500
Epoch 028 | train 0.5647 (rec 0.4983, kl 0.1327) | val 0.5652 (rec 0.5006, kl 0.1291) | beta 0.500
Epoch 029 | train 0.5602 (rec 0.4943, kl 0.1318) | val 0.5655 (rec 0.5011, kl 0.1287) | beta 0.500
Epoch 030 | train 0.5620 (rec 0.4960, kl 0.1321) | val 0.5690 (rec 0.5051, kl 0.1277) | beta 0.500
Epoch 031 | train 0.5637 (rec 0.4975, kl 0.1323) | val 0.5638 (rec 0.4974, kl 0.1329) | beta 0.500
Epoch 032 | train 0.5605 (rec 0.4945, kl 0.1320) | val 0.5616 (rec 0.4967, kl 0.1297) | beta 0.500
Epoch 033 | train 0.5600 (rec 0.4940, kl 0.1320) | val 0.5642 (rec 0.4985, kl 0.1313) | beta 0.500
Epoch 034 | train 0.5593 (rec 0.4931, kl 0.1323) | val 0.5666 (rec 0.5003, kl 0.1326) | beta 0.500
Epoch 035 | train 0.5606 (rec 0.4943, kl 0.1327) | val 0.5624 (rec 0.4981, kl 0.1286) | beta 0.500
Epoch 036 | train 0.5591 (rec 0.4929, kl 0.1324) | val 0.5633 (rec 0.4991, kl 0.1284) | beta 0.500
Epoch 037 | train 0.5573 (rec 0.4914, kl 0.1318) | val 0.5607 (rec 0.4968, kl 0.1278) | beta 0.500
Epoch 038 | train 0.5557 (rec 0.4898, kl 0.1317) | val 0.5616 (rec 0.4996, kl 0.1240) | beta 0.500
Epoch 039 | train 0.5553 (rec 0.4896, kl 0.1314) | val 0.5587 (rec 0.4928, kl 0.1319) | beta 0.500
Epoch 040 | train 0.5554 (rec 0.4894, kl 0.1320) | val 0.5558 (rec 0.4907, kl 0.1301) | beta 0.500
Epoch 041 | train 0.5540 (rec 0.4879, kl 0.1323) | val 0.5586 (rec 0.4942, kl 0.1287) | beta 0.500
Epoch 042 | train 0.5557 (rec 0.4898, kl 0.1318) | val 0.5566 (rec 0.4920, kl 0.1292) | beta 0.500
Epoch 043 | train 0.5557 (rec 0.4893, kl 0.1328) | val 0.5559 (rec 0.4897, kl 0.1324) | beta 0.500
Epoch 044 | train 0.5542 (rec 0.4881, kl 0.1320) | val 0.5577 (rec 0.4925, kl 0.1304) | beta 0.500
Epoch 045 | train 0.5522 (rec 0.4861, kl 0.1321) | val 0.5565 (rec 0.4924, kl 0.1283) | beta 0.500
Epoch 046 | train 0.5515 (rec 0.4857, kl 0.1315) | val 0.5594 (rec 0.4944, kl 0.1299) | beta 0.500
Epoch 047 | train 0.5531 (rec 0.4872, kl 0.1318) | val 0.5566 (rec 0.4910, kl 0.1312) | beta 0.500
Epoch 048 | train 0.5547 (rec 0.4883, kl 0.1328) | val 0.5552 (rec 0.4909, kl 0.1286) | beta 0.500
Epoch 049 | train 0.5507 (rec 0.4847, kl 0.1320) | val 0.5538 (rec 0.4892, kl 0.1292) | beta 0.500
Epoch 050 | train 0.5500 (rec 0.4841, kl 0.1319) | val 0.5556 (rec 0.4903, kl 0.1306) | beta 0.500
Epoch 051 | train 0.5507 (rec 0.4847, kl 0.1320) | val 0.5576 (rec 0.4909, kl 0.1335) | beta 0.500
Epoch 052 | train 0.5501 (rec 0.4843, kl 0.1315) | val 0.5533 (rec 0.4899, kl 0.1268) | beta 0.500
Epoch 053 | train 0.5488 (rec 0.4831, kl 0.1314) | val 0.5524 (rec 0.4883, kl 0.1282) | beta 0.500
Epoch 054 | train 0.5498 (rec 0.4837, kl 0.1322) | val 0.5592 (rec 0.4963, kl 0.1258) | beta 0.500
Epoch 055 | train 0.5509 (rec 0.4851, kl 0.1316) | val 0.5856 (rec 0.5207, kl 0.1297) | beta 0.500
Epoch 056 | train 0.5527 (rec 0.4864, kl 0.1326) | val 0.5507 (rec 0.4879, kl 0.1256) | beta 0.500
Epoch 057 | train 0.5480 (rec 0.4821, kl 0.1318) | val 0.5541 (rec 0.4901, kl 0.1280) | beta 0.500
Epoch 058 | train 0.5468 (rec 0.4810, kl 0.1316) | val 0.5547 (rec 0.4891, kl 0.1311) | beta 0.500
Epoch 059 | train 0.5471 (rec 0.4812, kl 0.1318) | val 0.5481 (rec 0.4844, kl 0.1274) | beta 0.500
Epoch 060 | train 0.5455 (rec 0.4797, kl 0.1316) | val 0.5519 (rec 0.4874, kl 0.1289) | beta 0.500
Epoch 061 | train 0.5471 (rec 0.4814, kl 0.1316) | val 0.5553 (rec 0.4891, kl 0.1324) | beta 0.500
Epoch 062 | train 0.5451 (rec 0.4794, kl 0.1314) | val 0.5503 (rec 0.4864, kl 0.1278) | beta 0.500
Epoch 063 | train 0.5454 (rec 0.4797, kl 0.1315) | val 0.5520 (rec 0.4880, kl 0.1279) | beta 0.500
Epoch 064 | train 0.5455 (rec 0.4797, kl 0.1316) | val 0.5503 (rec 0.4848, kl 0.1311) | beta 0.500
Epoch 065 | train 0.5476 (rec 0.4815, kl 0.1321) | val 0.5513 (rec 0.4875, kl 0.1275) | beta 0.500
Epoch 066 | train 0.5489 (rec 0.4825, kl 0.1328) | val 0.5542 (rec 0.4893, kl 0.1299) | beta 0.500
Epoch 067 | train 0.5462 (rec 0.4805, kl 0.1314) | val 0.5505 (rec 0.4862, kl 0.1284) | beta 0.500
Epoch 068 | train 0.5437 (rec 0.4778, kl 0.1319) | val 0.5493 (rec 0.4853, kl 0.1281) | beta 0.500
Epoch 069 | train 0.5430 (rec 0.4770, kl 0.1321) | val 0.5557 (rec 0.4925, kl 0.1265) | beta 0.500
Epoch 070 | train 0.5455 (rec 0.4798, kl 0.1316) | val 0.5470 (rec 0.4824, kl 0.1291) | beta 0.500
Epoch 071 | train 0.5424 (rec 0.4765, kl 0.1317) | val 0.5502 (rec 0.4861, kl 0.1283) | beta 0.500
Epoch 072 | train 0.5417 (rec 0.4759, kl 0.1317) | val 0.5469 (rec 0.4819, kl 0.1299) | beta 0.500
Epoch 073 | train 0.5439 (rec 0.4779, kl 0.1319) | val 0.5492 (rec 0.4843, kl 0.1298) | beta 0.500
Epoch 074 | train 0.5432 (rec 0.4776, kl 0.1311) | val 0.5469 (rec 0.4837, kl 0.1263) | beta 0.500
Epoch 075 | train 0.5422 (rec 0.4763, kl 0.1319) | val 0.5457 (rec 0.4822, kl 0.1268) | beta 0.500
Epoch 076 | train 0.5421 (rec 0.4763, kl 0.1316) | val 0.5471 (rec 0.4818, kl 0.1307) | beta 0.500
Epoch 077 | train 0.5400 (rec 0.4747, kl 0.1307) | val 0.5454 (rec 0.4815, kl 0.1278) | beta 0.500
Epoch 078 | train 0.5407 (rec 0.4749, kl 0.1316) | val 0.5464 (rec 0.4821, kl 0.1286) | beta 0.500
Epoch 079 | train 0.5414 (rec 0.4754, kl 0.1320) | val 0.5478 (rec 0.4827, kl 0.1301) | beta 0.500
Epoch 080 | train 0.5409 (rec 0.4748, kl 0.1323) | val 0.5492 (rec 0.4844, kl 0.1295) | beta 0.500
Epoch 081 | train 0.5408 (rec 0.4751, kl 0.1313) | val 0.5508 (rec 0.4857, kl 0.1301) | beta 0.500
Epoch 082 | train 0.5431 (rec 0.4770, kl 0.1321) | val 0.5456 (rec 0.4809, kl 0.1295) | beta 0.500
Epoch 083 | train 0.5399 (rec 0.4740, kl 0.1317) | val 0.5452 (rec 0.4802, kl 0.1302) | beta 0.500
Epoch 084 | train 0.5401 (rec 0.4744, kl 0.1314) | val 0.5443 (rec 0.4810, kl 0.1266) | beta 0.500
Epoch 085 | train 0.5388 (rec 0.4733, kl 0.1310) | val 0.5447 (rec 0.4800, kl 0.1292) | beta 0.500
Epoch 086 | train 0.5386 (rec 0.4730, kl 0.1311) | val 0.5452 (rec 0.4812, kl 0.1279) | beta 0.500
Epoch 087 | train 0.5379 (rec 0.4723, kl 0.1314) | val 0.5442 (rec 0.4800, kl 0.1284) | beta 0.500
Epoch 088 | train 0.5386 (rec 0.4731, kl 0.1311) | val 0.5449 (rec 0.4801, kl 0.1296) | beta 0.500
Epoch 089 | train 0.5391 (rec 0.4735, kl 0.1312) | val 0.5451 (rec 0.4802, kl 0.1298) | beta 0.500
Epoch 090 | train 0.5387 (rec 0.4730, kl 0.1316) | val 0.5450 (rec 0.4807, kl 0.1287) | beta 0.500
Epoch 091 | train 0.5399 (rec 0.4741, kl 0.1317) | val 0.5428 (rec 0.4787, kl 0.1281) | beta 0.500
Epoch 092 | train 0.5393 (rec 0.4736, kl 0.1315) | val 0.5464 (rec 0.4821, kl 0.1286) | beta 0.500
Epoch 093 | train 0.5373 (rec 0.4716, kl 0.1315) | val 0.5418 (rec 0.4772, kl 0.1292) | beta 0.500
Epoch 094 | train 0.5390 (rec 0.4733, kl 0.1313) | val 0.5434 (rec 0.4782, kl 0.1303) | beta 0.500
Epoch 095 | train 0.5373 (rec 0.4716, kl 0.1313) | val 0.5458 (rec 0.4842, kl 0.1232) | beta 0.500
Epoch 096 | train 0.5395 (rec 0.4738, kl 0.1314) | val 0.5456 (rec 0.4815, kl 0.1281) | beta 0.500
Epoch 097 | train 0.5366 (rec 0.4710, kl 0.1312) | val 0.5424 (rec 0.4765, kl 0.1317) | beta 0.500
Epoch 098 | train 0.5376 (rec 0.4720, kl 0.1311) | val 0.5410 (rec 0.4772, kl 0.1276) | beta 0.500
Epoch 099 | train 0.5366 (rec 0.4708, kl 0.1316) | val 0.5433 (rec 0.4773, kl 0.1319) | beta 0.500
Epoch 100 | train 0.5370 (rec 0.4711, kl 0.1316) | val 0.5412 (rec 0.4768, kl 0.1288) | beta 0.500
Epoch 101 | train 0.5361 (rec 0.4705, kl 0.1313) | val 0.5429 (rec 0.4793, kl 0.1271) | beta 0.500
Epoch 102 | train 0.5364 (rec 0.4707, kl 0.1314) | val 0.5460 (rec 0.4809, kl 0.1302) | beta 0.500
Epoch 103 | train 0.5366 (rec 0.4708, kl 0.1316) | val 0.5448 (rec 0.4797, kl 0.1302) | beta 0.500
Epoch 104 | train 0.5360 (rec 0.4701, kl 0.1319) | val 0.5421 (rec 0.4770, kl 0.1302) | beta 0.500
Epoch 105 | train 0.5356 (rec 0.4698, kl 0.1317) | val 0.5418 (rec 0.4776, kl 0.1284) | beta 0.500
Epoch 106 | train 0.5361 (rec 0.4703, kl 0.1315) | val 0.5429 (rec 0.4786, kl 0.1285) | beta 0.500
Epoch 107 | train 0.5356 (rec 0.4701, kl 0.1308) | val 0.5397 (rec 0.4753, kl 0.1289) | beta 0.500
Epoch 108 | train 0.5343 (rec 0.4686, kl 0.1314) | val 0.5411 (rec 0.4774, kl 0.1274) | beta 0.500
Epoch 109 | train 0.5361 (rec 0.4703, kl 0.1316) | val 0.5429 (rec 0.4778, kl 0.1301) | beta 0.500
Epoch 110 | train 0.5342 (rec 0.4688, kl 0.1310) | val 0.5419 (rec 0.4775, kl 0.1289) | beta 0.500
Epoch 111 | train 0.5370 (rec 0.4714, kl 0.1311) | val 0.5489 (rec 0.4840, kl 0.1298) | beta 0.500
Epoch 112 | train 0.5340 (rec 0.4686, kl 0.1310) | val 0.5406 (rec 0.4765, kl 0.1283) | beta 0.500
Epoch 113 | train 0.5342 (rec 0.4684, kl 0.1316) | val 0.5404 (rec 0.4755, kl 0.1298) | beta 0.500
Epoch 114 | train 0.5339 (rec 0.4682, kl 0.1314) | val 0.5427 (rec 0.4787, kl 0.1280) | beta 0.500
Epoch 115 | train 0.5348 (rec 0.4690, kl 0.1317) | val 0.5405 (rec 0.4765, kl 0.1279) | beta 0.500
Epoch 116 | train 0.5345 (rec 0.4686, kl 0.1316) | val 0.5399 (rec 0.4762, kl 0.1275) | beta 0.500
Epoch 117 | train 0.5333 (rec 0.4675, kl 0.1315) | val 0.5416 (rec 0.4780, kl 0.1273) | beta 0.500
Epoch 118 | train 0.5328 (rec 0.4673, kl 0.1310) | val 0.5399 (rec 0.4762, kl 0.1274) | beta 0.500
Epoch 119 | train 0.5330 (rec 0.4675, kl 0.1312) | val 0.5408 (rec 0.4763, kl 0.1291) | beta 0.500
Epoch 120 | train 0.5337 (rec 0.4678, kl 0.1317) | val 0.5397 (rec 0.4762, kl 0.1271) | beta 0.500
Epoch 121 | train 0.5319 (rec 0.4662, kl 0.1316) | val 0.5394 (rec 0.4756, kl 0.1275) | beta 0.500
Epoch 122 | train 0.5326 (rec 0.4668, kl 0.1317) | val 0.5397 (rec 0.4753, kl 0.1289) | beta 0.500
Epoch 123 | train 0.5332 (rec 0.4674, kl 0.1316) | val 0.5412 (rec 0.4756, kl 0.1312) | beta 0.500
Epoch 124 | train 0.5326 (rec 0.4667, kl 0.1317) | val 0.5403 (rec 0.4747, kl 0.1313) | beta 0.500
Epoch 125 | train 0.5308 (rec 0.4654, kl 0.1307) | val 0.5434 (rec 0.4786, kl 0.1296) | beta 0.500
Epoch 126 | train 0.5329 (rec 0.4670, kl 0.1317) | val 0.5366 (rec 0.4731, kl 0.1270) | beta 0.500
Epoch 127 | train 0.5333 (rec 0.4675, kl 0.1316) | val 0.5427 (rec 0.4785, kl 0.1283) | beta 0.500
Epoch 128 | train 0.5360 (rec 0.4700, kl 0.1320) | val 0.5410 (rec 0.4765, kl 0.1291) | beta 0.500
Epoch 129 | train 0.5319 (rec 0.4661, kl 0.1317) | val 0.5367 (rec 0.4735, kl 0.1264) | beta 0.500
Epoch 130 | train 0.5306 (rec 0.4650, kl 0.1313) | val 0.5409 (rec 0.4765, kl 0.1288) | beta 0.500
Epoch 131 | train 0.5302 (rec 0.4648, kl 0.1308) | val 0.5417 (rec 0.4768, kl 0.1297) | beta 0.500
Epoch 132 | train 0.5309 (rec 0.4649, kl 0.1321) | val 0.5368 (rec 0.4727, kl 0.1280) | beta 0.500
Epoch 133 | train 0.5317 (rec 0.4656, kl 0.1321) | val 0.5373 (rec 0.4715, kl 0.1316) | beta 0.500
Epoch 134 | train 0.5303 (rec 0.4642, kl 0.1322) | val 0.5378 (rec 0.4728, kl 0.1299) | beta 0.500
Epoch 135 | train 0.5315 (rec 0.4656, kl 0.1319) | val 0.5391 (rec 0.4744, kl 0.1295) | beta 0.500
Epoch 136 | train 0.5298 (rec 0.4639, kl 0.1318) | val 0.5398 (rec 0.4754, kl 0.1287) | beta 0.500
Epoch 137 | train 0.5309 (rec 0.4649, kl 0.1320) | val 0.5397 (rec 0.4741, kl 0.1312) | beta 0.500
Epoch 138 | train 0.5308 (rec 0.4648, kl 0.1320) | val 0.5410 (rec 0.4777, kl 0.1268) | beta 0.500
Epoch 139 | train 0.5311 (rec 0.4651, kl 0.1320) | val 0.5397 (rec 0.4753, kl 0.1288) | beta 0.500
Epoch 140 | train 0.5311 (rec 0.4652, kl 0.1318) | val 0.5399 (rec 0.4749, kl 0.1300) | beta 0.500
Epoch 141 | train 0.5317 (rec 0.4657, kl 0.1319) | val 0.5393 (rec 0.4731, kl 0.1325) | beta 0.500
Epoch 142 | train 0.5306 (rec 0.4645, kl 0.1321) | val 0.5411 (rec 0.4760, kl 0.1302) | beta 0.500
Epoch 143 | train 0.5298 (rec 0.4639, kl 0.1317) | val 0.5357 (rec 0.4714, kl 0.1286) | beta 0.500
Epoch 144 | train 0.5278 (rec 0.4621, kl 0.1315) | val 0.5386 (rec 0.4741, kl 0.1292) | beta 0.500
Epoch 145 | train 0.5305 (rec 0.4646, kl 0.1318) | val 0.5381 (rec 0.4744, kl 0.1274) | beta 0.500
Epoch 146 | train 0.5304 (rec 0.4647, kl 0.1314) | val 0.5379 (rec 0.4733, kl 0.1292) | beta 0.500
Epoch 147 | train 0.5306 (rec 0.4647, kl 0.1318) | val 0.5405 (rec 0.4765, kl 0.1279) | beta 0.500
Epoch 148 | train 0.5316 (rec 0.4656, kl 0.1320) | val 0.5400 (rec 0.4754, kl 0.1292) | beta 0.500
Epoch 149 | train 0.5312 (rec 0.4653, kl 0.1318) | val 0.5386 (rec 0.4746, kl 0.1281) | beta 0.500
Epoch 150 | train 0.5280 (rec 0.4624, kl 0.1312) | val 0.5341 (rec 0.4696, kl 0.1289) | beta 0.500
Epoch 151 | train 0.5294 (rec 0.4635, kl 0.1316) | val 0.5371 (rec 0.4715, kl 0.1313) | beta 0.500
Epoch 152 | train 0.5285 (rec 0.4627, kl 0.1315) | val 0.5375 (rec 0.4731, kl 0.1290) | beta 0.500
Epoch 153 | train 0.5295 (rec 0.4634, kl 0.1320) | val 0.5363 (rec 0.4725, kl 0.1277) | beta 0.500
Epoch 154 | train 0.5291 (rec 0.4632, kl 0.1318) | val 0.5353 (rec 0.4703, kl 0.1300) | beta 0.500
Epoch 155 | train 0.5295 (rec 0.4635, kl 0.1319) | val 0.5381 (rec 0.4737, kl 0.1289) | beta 0.500
Epoch 156 | train 0.5278 (rec 0.4621, kl 0.1314) | val 0.5364 (rec 0.4718, kl 0.1292) | beta 0.500
Epoch 157 | train 0.5282 (rec 0.4624, kl 0.1317) | val 0.5357 (rec 0.4711, kl 0.1294) | beta 0.500
Epoch 158 | train 0.5280 (rec 0.4621, kl 0.1317) | val 0.5361 (rec 0.4716, kl 0.1289) | beta 0.500
Epoch 159 | train 0.5271 (rec 0.4615, kl 0.1312) | val 0.5362 (rec 0.4711, kl 0.1302) | beta 0.500
Epoch 160 | train 0.5292 (rec 0.4631, kl 0.1322) | val 0.5365 (rec 0.4724, kl 0.1281) | beta 0.500
Epoch 161 | train 0.5294 (rec 0.4629, kl 0.1331) | val 0.5352 (rec 0.4704, kl 0.1295) | beta 0.500
Epoch 162 | train 0.5270 (rec 0.4613, kl 0.1314) | val 0.5359 (rec 0.4709, kl 0.1300) | beta 0.500
Epoch 163 | train 0.5276 (rec 0.4616, kl 0.1321) | val 0.5354 (rec 0.4699, kl 0.1310) | beta 0.500
Epoch 164 | train 0.5270 (rec 0.4611, kl 0.1318) | val 0.5366 (rec 0.4723, kl 0.1286) | beta 0.500
Epoch 165 | train 0.5293 (rec 0.4630, kl 0.1325) | val 0.5379 (rec 0.4739, kl 0.1281) | beta 0.500
Epoch 166 | train 0.5305 (rec 0.4646, kl 0.1318) | val 0.5345 (rec 0.4706, kl 0.1278) | beta 0.500
Epoch 167 | train 0.5275 (rec 0.4615, kl 0.1320) | val 0.5371 (rec 0.4718, kl 0.1308) | beta 0.500
Epoch 168 | train 0.5269 (rec 0.4609, kl 0.1319) | val 0.5374 (rec 0.4724, kl 0.1299) | beta 0.500
Epoch 169 | train 0.5286 (rec 0.4624, kl 0.1323) | val 0.5341 (rec 0.4686, kl 0.1310) | beta 0.500
Epoch 170 | train 0.5257 (rec 0.4600, kl 0.1312) | val 0.5350 (rec 0.4703, kl 0.1294) | beta 0.500
Epoch 171 | train 0.5286 (rec 0.4626, kl 0.1320) | val 0.5373 (rec 0.4719, kl 0.1308) | beta 0.500
Epoch 172 | train 0.5276 (rec 0.4619, kl 0.1315) | val 0.5444 (rec 0.4795, kl 0.1297) | beta 0.500
Epoch 173 | train 0.5267 (rec 0.4610, kl 0.1314) | val 0.5364 (rec 0.4715, kl 0.1300) | beta 0.500
Epoch 174 | train 0.5258 (rec 0.4599, kl 0.1318) | val 0.5363 (rec 0.4720, kl 0.1287) | beta 0.500
Epoch 175 | train 0.5258 (rec 0.4600, kl 0.1318) | val 0.5339 (rec 0.4700, kl 0.1278) | beta 0.500
Epoch 176 | train 0.5261 (rec 0.4603, kl 0.1317) | val 0.5358 (rec 0.4714, kl 0.1288) | beta 0.500
Epoch 177 | train 0.5262 (rec 0.4603, kl 0.1318) | val 0.5371 (rec 0.4720, kl 0.1301) | beta 0.500
Epoch 178 | train 0.5265 (rec 0.4604, kl 0.1322) | val 0.5357 (rec 0.4713, kl 0.1288) | beta 0.500
Epoch 179 | train 0.5270 (rec 0.4611, kl 0.1319) | val 0.5370 (rec 0.4722, kl 0.1296) | beta 0.500
Epoch 180 | train 0.5288 (rec 0.4626, kl 0.1325) | val 0.5356 (rec 0.4720, kl 0.1272) | beta 0.500
Epoch 181 | train 0.5256 (rec 0.4599, kl 0.1313) | val 0.5393 (rec 0.4746, kl 0.1294) | beta 0.500
Epoch 182 | train 0.5255 (rec 0.4597, kl 0.1316) | val 0.5334 (rec 0.4692, kl 0.1283) | beta 0.500
Epoch 183 | train 0.5262 (rec 0.4605, kl 0.1315) | val 0.5338 (rec 0.4688, kl 0.1299) | beta 0.500
Epoch 184 | train 0.5276 (rec 0.4617, kl 0.1319) | val 0.5362 (rec 0.4711, kl 0.1301) | beta 0.500
Epoch 185 | train 0.5272 (rec 0.4612, kl 0.1320) | val 0.5368 (rec 0.4726, kl 0.1283) | beta 0.500
Epoch 186 | train 0.5255 (rec 0.4596, kl 0.1318) | val 0.5358 (rec 0.4711, kl 0.1293) | beta 0.500
Epoch 187 | train 0.5246 (rec 0.4586, kl 0.1321) | val 0.5335 (rec 0.4681, kl 0.1308) | beta 0.500
Epoch 188 | train 0.5252 (rec 0.4593, kl 0.1317) | val 0.5329 (rec 0.4681, kl 0.1296) | beta 0.500
Epoch 189 | train 0.5257 (rec 0.4596, kl 0.1321) | val 0.5340 (rec 0.4689, kl 0.1303) | beta 0.500
Epoch 190 | train 0.5252 (rec 0.4594, kl 0.1316) | val 0.5348 (rec 0.4711, kl 0.1273) | beta 0.500
Epoch 191 | train 0.5254 (rec 0.4595, kl 0.1319) | val 0.5346 (rec 0.4701, kl 0.1290) | beta 0.500
Epoch 192 | train 0.5244 (rec 0.4583, kl 0.1322) | val 0.5344 (rec 0.4695, kl 0.1298) | beta 0.500
Epoch 193 | train 0.5259 (rec 0.4598, kl 0.1322) | val 0.5340 (rec 0.4685, kl 0.1310) | beta 0.500
Epoch 194 | train 0.5233 (rec 0.4574, kl 0.1320) | val 0.5339 (rec 0.4709, kl 0.1261) | beta 0.500
Epoch 195 | train 0.5246 (rec 0.4588, kl 0.1316) | val 0.5329 (rec 0.4689, kl 0.1281) | beta 0.500
Epoch 196 | train 0.5248 (rec 0.4589, kl 0.1318) | val 0.5351 (rec 0.4708, kl 0.1287) | beta 0.500
Epoch 197 | train 0.5249 (rec 0.4590, kl 0.1319) | val 0.5345 (rec 0.4692, kl 0.1305) | beta 0.500
Epoch 198 | train 0.5253 (rec 0.4591, kl 0.1324) | val 0.5342 (rec 0.4686, kl 0.1312) | beta 0.500
Epoch 199 | train 0.5282 (rec 0.4621, kl 0.1323) | val 0.5346 (rec 0.4706, kl 0.1279) | beta 0.500
Epoch 200 | train 0.5242 (rec 0.4582, kl 0.1320) | val 0.5330 (rec 0.4673, kl 0.1314) | beta 0.500
Test loss 0.5292 (rec 0.4649, kl 0.1287)
[Predictor] Epoch 001 | train 4.4910 | val 1.5386 | lr 5.00e-04
[Predictor] Epoch 002 | train 1.2301 | val 1.1377 | lr 5.00e-04
[Predictor] Epoch 003 | train 1.1004 | val 1.0074 | lr 5.00e-04
[Predictor] Epoch 004 | train 1.0396 | val 0.9985 | lr 5.00e-04
[Predictor] Epoch 005 | train 1.0057 | val 0.9506 | lr 5.00e-04
[Predictor] Epoch 006 | train 0.9821 | val 0.9456 | lr 5.00e-04
[Predictor] Epoch 007 | train 0.9631 | val 0.9109 | lr 5.00e-04
[Predictor] Epoch 008 | train 0.9524 | val 0.8924 | lr 5.00e-04
[Predictor] Epoch 009 | train 0.9387 | val 0.8990 | lr 5.00e-04
[Predictor] Epoch 010 | train 0.9315 | val 0.8824 | lr 5.00e-04
[Predictor] Epoch 011 | train 0.9241 | val 0.8772 | lr 5.00e-04
[Predictor] Epoch 012 | train 0.9169 | val 0.8682 | lr 5.00e-04
[Predictor] Epoch 013 | train 0.9129 | val 0.8672 | lr 5.00e-04
[Predictor] Epoch 014 | train 0.9068 | val 0.8555 | lr 5.00e-04
[Predictor] Epoch 015 | train 0.9001 | val 0.8632 | lr 5.00e-04
[Predictor] Epoch 016 | train 0.8960 | val 0.8682 | lr 5.00e-04
[Predictor] Epoch 017 | train 0.8934 | val 0.8496 | lr 5.00e-04
[Predictor] Epoch 018 | train 0.8873 | val 0.8543 | lr 5.00e-04
[Predictor] Epoch 019 | train 0.8850 | val 0.8445 | lr 5.00e-04
[Predictor] Epoch 020 | train 0.8790 | val 0.8386 | lr 5.00e-04
[Predictor] Epoch 021 | train 0.8758 | val 0.8295 | lr 5.00e-04
[Predictor] Epoch 022 | train 0.8737 | val 0.8347 | lr 5.00e-04
[Predictor] Epoch 023 | train 0.8702 | val 0.8304 | lr 5.00e-04
[Predictor] Epoch 024 | train 0.8669 | val 0.8269 | lr 5.00e-04
[Predictor] Epoch 025 | train 0.8653 | val 0.8226 | lr 5.00e-04
[Predictor] Epoch 026 | train 0.8651 | val 0.8236 | lr 5.00e-04
[Predictor] Epoch 027 | train 0.8603 | val 0.8218 | lr 5.00e-04
[Predictor] Epoch 028 | train 0.8589 | val 0.8176 | lr 5.00e-04
[Predictor] Epoch 029 | train 0.8577 | val 0.8179 | lr 5.00e-04
[Predictor] Epoch 030 | train 0.8543 | val 0.8078 | lr 5.00e-04
[Predictor] Epoch 031 | train 0.8510 | val 0.8066 | lr 5.00e-04
[Predictor] Epoch 032 | train 0.8526 | val 0.8159 | lr 5.00e-04
[Predictor] Epoch 033 | train 0.8498 | val 0.8108 | lr 5.00e-04
[Predictor] Epoch 034 | train 0.8446 | val 0.8044 | lr 5.00e-04
[Predictor] Epoch 035 | train 0.8453 | val 0.8010 | lr 5.00e-04
[Predictor] Epoch 036 | train 0.8418 | val 0.7987 | lr 5.00e-04
[Predictor] Epoch 037 | train 0.8456 | val 0.7970 | lr 5.00e-04
[Predictor] Epoch 038 | train 0.8410 | val 0.8110 | lr 5.00e-04
[Predictor] Epoch 039 | train 0.8418 | val 0.8001 | lr 5.00e-04
[Predictor] Epoch 040 | train 0.8341 | val 0.8033 | lr 5.00e-04
[Predictor] Epoch 041 | train 0.8348 | val 0.7936 | lr 5.00e-04
[Predictor] Epoch 042 | train 0.8334 | val 0.7994 | lr 5.00e-04
[Predictor] Epoch 043 | train 0.8334 | val 0.8065 | lr 5.00e-04
[Predictor] Epoch 044 | train 0.8319 | val 0.7914 | lr 5.00e-04
[Predictor] Epoch 045 | train 0.8302 | val 0.7908 | lr 5.00e-04
[Predictor] Epoch 046 | train 0.8306 | val 0.7836 | lr 5.00e-04
[Predictor] Epoch 047 | train 0.8272 | val 0.7847 | lr 5.00e-04
[Predictor] Epoch 048 | train 0.8298 | val 0.7993 | lr 5.00e-04
[Predictor] Epoch 049 | train 0.8262 | val 0.7837 | lr 5.00e-04
[Predictor] Epoch 050 | train 0.8265 | val 0.7791 | lr 5.00e-04
[Predictor] Epoch 051 | train 0.8244 | val 0.7824 | lr 5.00e-04
[Predictor] Epoch 052 | train 0.8231 | val 0.7741 | lr 5.00e-04
[Predictor] Epoch 053 | train 0.8225 | val 0.7761 | lr 5.00e-04
[Predictor] Epoch 054 | train 0.8209 | val 0.7810 | lr 5.00e-04
[Predictor] Epoch 055 | train 0.8205 | val 0.7771 | lr 5.00e-04
[Predictor] Epoch 056 | train 0.8177 | val 0.7768 | lr 5.00e-04
[Predictor] Epoch 057 | train 0.8163 | val 0.7887 | lr 5.00e-04
[Predictor] Epoch 058 | train 0.8177 | val 0.7755 | lr 5.00e-04
[Predictor] Epoch 059 | train 0.8163 | val 0.7672 | lr 5.00e-04
[Predictor] Epoch 060 | train 0.8183 | val 0.7784 | lr 5.00e-04
[Predictor] Epoch 061 | train 0.8159 | val 0.7756 | lr 5.00e-04
[Predictor] Epoch 062 | train 0.8143 | val 0.7714 | lr 5.00e-04
[Predictor] Epoch 063 | train 0.8155 | val 0.7738 | lr 5.00e-04
[Predictor] Epoch 064 | train 0.8113 | val 0.7681 | lr 5.00e-04
[Predictor] Epoch 065 | train 0.8128 | val 0.7658 | lr 5.00e-04
[Predictor] Epoch 066 | train 0.8119 | val 0.7634 | lr 5.00e-04
[Predictor] Epoch 067 | train 0.8109 | val 0.7619 | lr 5.00e-04
[Predictor] Epoch 068 | train 0.8114 | val 0.7673 | lr 5.00e-04
[Predictor] Epoch 069 | train 0.8105 | val 0.7721 | lr 5.00e-04
[Predictor] Epoch 070 | train 0.8128 | val 0.7762 | lr 5.00e-04
[Predictor] Epoch 071 | train 0.8101 | val 0.7638 | lr 5.00e-04
[Predictor] Epoch 072 | train 0.8068 | val 0.7639 | lr 5.00e-04
[Predictor] Epoch 073 | train 0.8066 | val 0.7748 | lr 5.00e-04
[Predictor] Epoch 074 | train 0.8050 | val 0.7630 | lr 5.00e-04
[Predictor] Epoch 075 | train 0.8077 | val 0.7611 | lr 5.00e-04
[Predictor] Epoch 076 | train 0.8088 | val 0.7679 | lr 5.00e-04
[Predictor] Epoch 077 | train 0.8097 | val 0.7620 | lr 5.00e-04
[Predictor] Epoch 078 | train 0.8060 | val 0.7715 | lr 5.00e-04
[Predictor] Epoch 079 | train 0.8048 | val 0.7662 | lr 5.00e-04
[Predictor] Epoch 080 | train 0.8026 | val 0.7577 | lr 5.00e-04
[Predictor] Epoch 081 | train 0.8044 | val 0.7622 | lr 5.00e-04
[Predictor] Epoch 082 | train 0.8061 | val 0.7562 | lr 5.00e-04
[Predictor] Epoch 083 | train 0.8016 | val 0.7659 | lr 5.00e-04
[Predictor] Epoch 084 | train 0.8025 | val 0.7582 | lr 5.00e-04
[Predictor] Epoch 085 | train 0.8061 | val 0.7564 | lr 5.00e-04
[Predictor] Epoch 086 | train 0.8030 | val 0.7556 | lr 5.00e-04
[Predictor] Epoch 087 | train 0.8012 | val 0.7646 | lr 5.00e-04
[Predictor] Epoch 088 | train 0.8000 | val 0.7570 | lr 5.00e-04
[Predictor] Epoch 089 | train 0.8009 | val 0.7538 | lr 5.00e-04
[Predictor] Epoch 090 | train 0.8021 | val 0.7575 | lr 5.00e-04
[Predictor] Epoch 091 | train 0.7997 | val 0.7602 | lr 5.00e-04
[Predictor] Epoch 092 | train 0.8018 | val 0.7567 | lr 5.00e-04
[Predictor] Epoch 093 | train 0.7978 | val 0.7668 | lr 5.00e-04
[Predictor] Epoch 094 | train 0.8000 | val 0.7628 | lr 5.00e-04
[Predictor] Epoch 095 | train 0.8001 | val 0.7561 | lr 5.00e-04
[Predictor] Epoch 096 | train 0.7992 | val 0.7554 | lr 5.00e-04
[Predictor] Epoch 097 | train 0.7996 | val 0.7644 | lr 5.00e-04
[Predictor] Epoch 098 | train 0.7982 | val 0.7509 | lr 5.00e-04
[Predictor] Epoch 099 | train 0.7995 | val 0.7507 | lr 5.00e-04
[Predictor] Epoch 100 | train 0.7986 | val 0.7530 | lr 5.00e-04
[Predictor] Epoch 101 | train 0.7979 | val 0.7570 | lr 5.00e-04
[Predictor] Epoch 102 | train 0.7966 | val 0.7609 | lr 5.00e-04
[Predictor] Epoch 103 | train 0.7989 | val 0.7577 | lr 5.00e-04
[Predictor] Epoch 104 | train 0.8014 | val 0.7572 | lr 5.00e-04
[Predictor] Epoch 105 | train 0.7987 | val 0.7567 | lr 5.00e-04
[Predictor] Epoch 106 | train 0.7966 | val 0.7537 | lr 5.00e-04
[Predictor] Epoch 107 | train 0.7967 | val 0.7510 | lr 5.00e-04
[Predictor] Epoch 108 | train 0.7965 | val 0.7528 | lr 5.00e-04
[Predictor] Epoch 109 | train 0.7948 | val 0.7547 | lr 5.00e-04
[Predictor] Epoch 110 | train 0.7956 | val 0.7584 | lr 2.50e-04
[Predictor] Epoch 111 | train 0.7798 | val 0.7388 | lr 2.50e-04
[Predictor] Epoch 112 | train 0.7744 | val 0.7361 | lr 2.50e-04
[Predictor] Epoch 113 | train 0.7761 | val 0.7344 | lr 2.50e-04
[Predictor] Epoch 114 | train 0.7760 | val 0.7370 | lr 2.50e-04
[Predictor] Epoch 115 | train 0.7749 | val 0.7343 | lr 2.50e-04
[Predictor] Epoch 116 | train 0.7757 | val 0.7369 | lr 2.50e-04
[Predictor] Epoch 117 | train 0.7742 | val 0.7319 | lr 2.50e-04
[Predictor] Epoch 118 | train 0.7734 | val 0.7328 | lr 2.50e-04
[Predictor] Epoch 119 | train 0.7721 | val 0.7336 | lr 2.50e-04
[Predictor] Epoch 120 | train 0.7734 | val 0.7325 | lr 2.50e-04
[Predictor] Epoch 121 | train 0.7733 | val 0.7395 | lr 2.50e-04
[Predictor] Epoch 122 | train 0.7744 | val 0.7328 | lr 2.50e-04
[Predictor] Epoch 123 | train 0.7721 | val 0.7336 | lr 2.50e-04
[Predictor] Epoch 124 | train 0.7709 | val 0.7337 | lr 2.50e-04
[Predictor] Epoch 125 | train 0.7719 | val 0.7317 | lr 2.50e-04
[Predictor] Epoch 126 | train 0.7716 | val 0.7355 | lr 2.50e-04
[Predictor] Epoch 127 | train 0.7724 | val 0.7351 | lr 2.50e-04
[Predictor] Epoch 128 | train 0.7702 | val 0.7321 | lr 2.50e-04
[Predictor] Epoch 129 | train 0.7728 | val 0.7332 | lr 2.50e-04
[Predictor] Epoch 130 | train 0.7738 | val 0.7357 | lr 2.50e-04
[Predictor] Epoch 131 | train 0.7712 | val 0.7373 | lr 2.50e-04
[Predictor] Epoch 132 | train 0.7711 | val 0.7351 | lr 2.50e-04
[Predictor] Epoch 133 | train 0.7712 | val 0.7333 | lr 2.50e-04
[Predictor] Epoch 134 | train 0.7712 | val 0.7330 | lr 2.50e-04
[Predictor] Epoch 135 | train 0.7704 | val 0.7380 | lr 2.50e-04
[Predictor] Epoch 136 | train 0.7710 | val 0.7294 | lr 2.50e-04
[Predictor] Epoch 137 | train 0.7712 | val 0.7321 | lr 2.50e-04
[Predictor] Epoch 138 | train 0.7724 | val 0.7481 | lr 2.50e-04
[Predictor] Epoch 139 | train 0.7703 | val 0.7298 | lr 2.50e-04
[Predictor] Epoch 140 | train 0.7730 | val 0.7363 | lr 2.50e-04
[Predictor] Epoch 141 | train 0.7721 | val 0.7321 | lr 2.50e-04
[Predictor] Epoch 142 | train 0.7702 | val 0.7318 | lr 2.50e-04
[Predictor] Epoch 143 | train 0.7694 | val 0.7280 | lr 2.50e-04
[Predictor] Epoch 144 | train 0.7704 | val 0.7379 | lr 2.50e-04
[Predictor] Epoch 145 | train 0.7687 | val 0.7286 | lr 2.50e-04
[Predictor] Epoch 146 | train 0.7708 | val 0.7411 | lr 2.50e-04
[Predictor] Epoch 147 | train 0.7698 | val 0.7313 | lr 2.50e-04
[Predictor] Epoch 148 | train 0.7701 | val 0.7378 | lr 2.50e-04
[Predictor] Epoch 149 | train 0.7689 | val 0.7287 | lr 2.50e-04
[Predictor] Epoch 150 | train 0.7692 | val 0.7302 | lr 2.50e-04
[Predictor] Epoch 151 | train 0.7694 | val 0.7296 | lr 2.50e-04
[Predictor] Epoch 152 | train 0.7707 | val 0.7325 | lr 2.50e-04
[Predictor] Epoch 153 | train 0.7682 | val 0.7295 | lr 2.50e-04
[Predictor] Epoch 154 | train 0.7683 | val 0.7312 | lr 1.25e-04
[Predictor] Epoch 155 | train 0.7604 | val 0.7240 | lr 1.25e-04
[Predictor] Epoch 156 | train 0.7565 | val 0.7216 | lr 1.25e-04
[Predictor] Epoch 157 | train 0.7561 | val 0.7204 | lr 1.25e-04
[Predictor] Epoch 158 | train 0.7552 | val 0.7208 | lr 1.25e-04
[Predictor] Epoch 159 | train 0.7546 | val 0.7187 | lr 1.25e-04
[Predictor] Epoch 160 | train 0.7562 | val 0.7237 | lr 1.25e-04
[Predictor] Epoch 161 | train 0.7548 | val 0.7218 | lr 1.25e-04
[Predictor] Epoch 162 | train 0.7548 | val 0.7210 | lr 1.25e-04
[Predictor] Epoch 163 | train 0.7552 | val 0.7187 | lr 1.25e-04
[Predictor] Epoch 164 | train 0.7571 | val 0.7238 | lr 1.25e-04
[Predictor] Epoch 165 | train 0.7550 | val 0.7257 | lr 1.25e-04
[Predictor] Epoch 166 | train 0.7541 | val 0.7210 | lr 1.25e-04
[Predictor] Epoch 167 | train 0.7530 | val 0.7178 | lr 1.25e-04
[Predictor] Epoch 168 | train 0.7537 | val 0.7189 | lr 1.25e-04
[Predictor] Epoch 169 | train 0.7530 | val 0.7189 | lr 1.25e-04
[Predictor] Epoch 170 | train 0.7543 | val 0.7186 | lr 1.25e-04
[Predictor] Epoch 171 | train 0.7536 | val 0.7191 | lr 1.25e-04
[Predictor] Epoch 172 | train 0.7543 | val 0.7191 | lr 1.25e-04
[Predictor] Epoch 173 | train 0.7514 | val 0.7194 | lr 1.25e-04
[Predictor] Epoch 174 | train 0.7536 | val 0.7196 | lr 1.25e-04
[Predictor] Epoch 175 | train 0.7523 | val 0.7245 | lr 1.25e-04
[Predictor] Epoch 176 | train 0.7525 | val 0.7170 | lr 1.25e-04
[Predictor] Epoch 177 | train 0.7536 | val 0.7167 | lr 1.25e-04
[Predictor] Epoch 178 | train 0.7543 | val 0.7179 | lr 1.25e-04
[Predictor] Epoch 179 | train 0.7527 | val 0.7215 | lr 1.25e-04
[Predictor] Epoch 180 | train 0.7530 | val 0.7213 | lr 1.25e-04
[Predictor] Epoch 181 | train 0.7522 | val 0.7194 | lr 1.25e-04
[Predictor] Epoch 182 | train 0.7519 | val 0.7180 | lr 1.25e-04
[Predictor] Epoch 183 | train 0.7525 | val 0.7196 | lr 1.25e-04
[Predictor] Epoch 184 | train 0.7521 | val 0.7208 | lr 1.25e-04
[Predictor] Epoch 185 | train 0.7531 | val 0.7186 | lr 1.25e-04
[Predictor] Epoch 186 | train 0.7518 | val 0.7150 | lr 1.25e-04
[Predictor] Epoch 187 | train 0.7510 | val 0.7168 | lr 1.25e-04
[Predictor] Epoch 188 | train 0.7526 | val 0.7159 | lr 1.25e-04
[Predictor] Epoch 189 | train 0.7517 | val 0.7196 | lr 1.25e-04
[Predictor] Epoch 190 | train 0.7512 | val 0.7184 | lr 1.25e-04
[Predictor] Epoch 191 | train 0.7525 | val 0.7195 | lr 1.25e-04
[Predictor] Epoch 192 | train 0.7528 | val 0.7237 | lr 1.25e-04
[Predictor] Epoch 193 | train 0.7507 | val 0.7196 | lr 1.25e-04
[Predictor] Epoch 194 | train 0.7512 | val 0.7185 | lr 1.25e-04
[Predictor] Epoch 195 | train 0.7516 | val 0.7177 | lr 1.25e-04
[Predictor] Epoch 196 | train 0.7509 | val 0.7188 | lr 1.25e-04
[Predictor] Epoch 197 | train 0.7519 | val 0.7188 | lr 6.25e-05
[Predictor] Epoch 198 | train 0.7466 | val 0.7160 | lr 6.25e-05
[Predictor] Epoch 199 | train 0.7446 | val 0.7151 | lr 6.25e-05
[Predictor] Epoch 200 | train 0.7449 | val 0.7141 | lr 6.25e-05
Predictor MSE | train 0.6853 | val 0.7141 | test 0.7121
Isoform correlation: mean Pearson 0.5430, median 0.5598 over 161990/161990 isoforms
Saved isoform correlation boxplot to isoform_model_vae/isoform_correlation_boxplot_vae.png
Saved log-scale scatter to isoform_model_vae/pred_vs_true_scatter_log.png
Per-gene isoform rank correlation (Spearman over observations): mean of means 0.7493 | median of means 0.7688 over 899 genes
Saved per-gene mean rank correlation boxplot to isoform_model_vae/gene_rank_corr_mean_boxplot_vae.png
Per-gene isoform rank correlation (Spearman over observations): mean of medians 0.7945 | median of medians 0.8119 over 899 genes
Saved per-gene median rank correlation boxplot to isoform_model_vae/gene_rank_corr_median_boxplot_vae.png
